Path C:\R_Github2\dfmvclass

data                 [DIR] 2026-02-08 13:49:19 ____ 
man                  [DIR] 2026-02-06 09:58:47 ____ 
R                    [DIR] 2026-02-06 09:58:47 ____ 
DESCRIPTION            410 2026-02-06 10:24:01 a___ 
NAMESPACE               32 2026-02-06 09:58:05 a___ 
ch10.csv               527 2026-02-09 08:02:30 a___ 
ch3.csv                 85 2026-02-09 08:02:30 a___ 
ch31.csv               109 2026-02-09 08:02:30 a___ 
ch4.csv                292 2026-02-09 08:02:30 a___ 
ch9.csv                 93 2026-02-09 08:02:30 a___ 
ch9-1.csv               93 2026-02-09 08:02:30 a___ 
data.csv            34,273 2026-02-09 08:02:30 a___ 
education.csv       14,356 2026-02-09 08:02:30 a___ 
education_100.csv    5,777 2026-02-09 08:02:30 a___ 
ex10.csv               125 2026-02-09 08:02:30 a___ 
ex31.csv               146 2026-02-09 08:02:30 a___ 
ex42.csv               164 2026-02-09 08:02:30 a___ 
exdata.csv          18,224 2026-02-09 08:02:30 a___ 
.gitignore              44 2026-02-06 09:58:06 a___ 
.Rbuildignore           30 2026-02-06 09:58:06 a___ 
.Rhistory            1,073 2026-02-08 14:03:05 a___ 
dfmvclass.Rproj        376 2026-02-08 14:01:39 a___ 

   19 Files 76,229 Bytes
    3 Folders

2026년 2월 9일 월요일 오전 8:05:45